<?xml version="1.0" encoding="UTF-8"?>
<testng-results ignored="0" total="1" passed="1" failed="0" skipped="0">
  <reporter-output>
  </reporter-output>
  <suite started-at="2024-06-04T09:29:44 IST" name="Default suite" finished-at="2024-06-04T09:29:45 IST" duration-ms="928">
    <groups>
    </groups>
    <test started-at="2024-06-04T09:29:44 IST" name="Default test" finished-at="2024-06-04T09:29:45 IST" duration-ms="928">
      <class name="extentreports.ToLearnExtentReports">
        <test-method signature="report()[pri:0, instance:extentreports.ToLearnExtentReports@6c80d78a]" started-at="2024-06-04T09:29:44 IST" name="report" finished-at="2024-06-04T09:29:45 IST" duration-ms="876" status="PASS">
          <reporter-output>
          </reporter-output>
        </test-method> <!-- report -->
      </class> <!-- extentreports.ToLearnExtentReports -->
    </test> <!-- Default test -->
  </suite> <!-- Default suite -->
</testng-results>
